c:\users\gorsk\source\repos\autobattlerpo\autobattlerpo\x64\release\vc143.pdb
c:\users\gorsk\source\repos\autobattlerpo\autobattlerpo\x64\release\unitcontroller.obj
c:\users\gorsk\source\repos\autobattlerpo\autobattlerpo\x64\release\scene.obj
c:\users\gorsk\source\repos\autobattlerpo\autobattlerpo\x64\release\unit.obj
c:\users\gorsk\source\repos\autobattlerpo\autobattlerpo\x64\release\tokensprite.obj
c:\users\gorsk\source\repos\autobattlerpo\autobattlerpo\x64\release\token.obj
c:\users\gorsk\source\repos\autobattlerpo\autobattlerpo\x64\release\shopscene.obj
c:\users\gorsk\source\repos\autobattlerpo\autobattlerpo\x64\release\shopcontroller.obj
c:\users\gorsk\source\repos\autobattlerpo\autobattlerpo\x64\release\main.obj
c:\users\gorsk\source\repos\autobattlerpo\autobattlerpo\x64\release\game.obj
c:\users\gorsk\source\repos\autobattlerpo\autobattlerpo\x64\release\combatscene.obj
c:\users\gorsk\source\repos\autobattlerpo\x64\release\autobattlerpo.exe
c:\users\gorsk\source\repos\autobattlerpo\autobattlerpo\x64\release\autobattlerpo.ipdb
c:\users\gorsk\source\repos\autobattlerpo\x64\release\autobattlerpo.pdb
c:\users\gorsk\source\repos\autobattlerpo\autobattlerpo\x64\release\autobattlerpo.iobj
c:\users\gorsk\source\repos\autobattlerpo\autobattlerpo\x64\release\autobattlerpo.tlog\cl.command.1.tlog
c:\users\gorsk\source\repos\autobattlerpo\autobattlerpo\x64\release\autobattlerpo.tlog\cl.read.1.tlog
c:\users\gorsk\source\repos\autobattlerpo\autobattlerpo\x64\release\autobattlerpo.tlog\cl.write.1.tlog
c:\users\gorsk\source\repos\autobattlerpo\autobattlerpo\x64\release\autobattlerpo.tlog\link.command.1.tlog
c:\users\gorsk\source\repos\autobattlerpo\autobattlerpo\x64\release\autobattlerpo.tlog\link.read.1.tlog
c:\users\gorsk\source\repos\autobattlerpo\autobattlerpo\x64\release\autobattlerpo.tlog\link.write.1.tlog
