  CombatScene.cpp
C:\Users\gorsk\source\repos\AutobattlerPO\AutobattlerPO\CombatScene.cpp(29,36): warning C4267: "inicjowanie": konwersja z "size_t" do "int", możliwa utrata danych
C:\Users\gorsk\source\repos\AutobattlerPO\AutobattlerPO\CombatScene.cpp(81,71): warning C4244: "argument": konwersja z "float" do "int", możliwa utrata danych
C:\Users\gorsk\source\repos\AutobattlerPO\AutobattlerPO\CombatScene.cpp(81,51): warning C4244: "argument": konwersja z "float" do "int", możliwa utrata danych
C:\Users\gorsk\source\repos\AutobattlerPO\AutobattlerPO\CombatScene.cpp(98,70): warning C4244: "argument": konwersja z "float" do "int", możliwa utrata danych
C:\Users\gorsk\source\repos\AutobattlerPO\AutobattlerPO\CombatScene.cpp(98,50): warning C4244: "argument": konwersja z "float" do "int", możliwa utrata danych
C:\Users\gorsk\source\repos\AutobattlerPO\AutobattlerPO\CombatScene.cpp(121,48): warning C4244: "argument": konwersja z "int" do "T", możliwa utrata danych
          with
          [
              T=float
          ]
C:\Users\gorsk\source\repos\AutobattlerPO\AutobattlerPO\CombatScene.cpp(121,42): warning C4244: "argument": konwersja z "int" do "T", możliwa utrata danych
          with
          [
              T=float
          ]
C:\Users\gorsk\source\repos\AutobattlerPO\AutobattlerPO\CombatScene.cpp(126,68): warning C4244: "argument": konwersja z "int" do "T", możliwa utrata danych
          with
          [
              T=float
          ]
C:\Users\gorsk\source\repos\AutobattlerPO\AutobattlerPO\CombatScene.cpp(126,49): warning C4244: "argument": konwersja z "int" do "T", możliwa utrata danych
          with
          [
              T=float
          ]
C:\Users\gorsk\source\repos\AutobattlerPO\AutobattlerPO\CombatScene.cpp(131,81): warning C4244: "argument": konwersja z "int" do "T", możliwa utrata danych
          with
          [
              T=float
          ]
C:\Users\gorsk\source\repos\AutobattlerPO\AutobattlerPO\CombatScene.cpp(131,58): warning C4244: "argument": konwersja z "int" do "T", możliwa utrata danych
          with
          [
              T=float
          ]
C:\Users\gorsk\source\repos\AutobattlerPO\AutobattlerPO\CombatScene.cpp(147,48): warning C4244: "argument": konwersja z "int" do "T", możliwa utrata danych
          with
          [
              T=float
          ]
C:\Users\gorsk\source\repos\AutobattlerPO\AutobattlerPO\CombatScene.cpp(147,42): warning C4244: "argument": konwersja z "int" do "T", możliwa utrata danych
          with
          [
              T=float
          ]
C:\Users\gorsk\source\repos\AutobattlerPO\AutobattlerPO\CombatScene.cpp(152,68): warning C4244: "argument": konwersja z "int" do "T", możliwa utrata danych
          with
          [
              T=float
          ]
C:\Users\gorsk\source\repos\AutobattlerPO\AutobattlerPO\CombatScene.cpp(152,49): warning C4244: "argument": konwersja z "int" do "T", możliwa utrata danych
          with
          [
              T=float
          ]
C:\Users\gorsk\source\repos\AutobattlerPO\AutobattlerPO\CombatScene.cpp(157,81): warning C4244: "argument": konwersja z "int" do "T", możliwa utrata danych
          with
          [
              T=float
          ]
C:\Users\gorsk\source\repos\AutobattlerPO\AutobattlerPO\CombatScene.cpp(157,58): warning C4244: "argument": konwersja z "int" do "T", możliwa utrata danych
          with
          [
              T=float
          ]
  Game.cpp
  Trwa generowanie kodu
  186 of 956 functions (19.5%) were compiled, the rest were copied from previous compilation.
    113 functions were new in current compilation
    115 functions had inline decision re-evaluated but remain unchanged
  Zakończono generowanie kodu
  AutobattlerPO.vcxproj -> C:\Users\gorsk\source\repos\AutobattlerPO\x64\Release\AutobattlerPO.exe
