c:\users\gorsk\source\repos\autobattlerpo\autobattlerpo\x64\debug\vc143.pdb
c:\users\gorsk\source\repos\autobattlerpo\autobattlerpo\x64\debug\vc143.idb
c:\users\gorsk\source\repos\autobattlerpo\autobattlerpo\x64\debug\main.obj
c:\users\gorsk\source\repos\autobattlerpo\autobattlerpo\x64\debug\game.obj
c:\users\gorsk\source\repos\autobattlerpo\autobattlerpo\x64\debug\unit.obj
c:\users\gorsk\source\repos\autobattlerpo\autobattlerpo\x64\debug\tokensprite.obj
c:\users\gorsk\source\repos\autobattlerpo\autobattlerpo\x64\debug\token.obj
c:\users\gorsk\source\repos\autobattlerpo\autobattlerpo\x64\debug\unitcontroller.obj
c:\users\gorsk\source\repos\autobattlerpo\autobattlerpo\x64\debug\scene.obj
c:\users\gorsk\source\repos\autobattlerpo\autobattlerpo\x64\debug\shopscene.obj
c:\users\gorsk\source\repos\autobattlerpo\autobattlerpo\x64\debug\shopcontroller.obj
c:\users\gorsk\source\repos\autobattlerpo\autobattlerpo\x64\debug\combatscene.obj
c:\users\gorsk\source\repos\autobattlerpo\x64\debug\autobattlerpo.exe
c:\users\gorsk\source\repos\autobattlerpo\autobattlerpo\x64\debug\autobattlerpo.ilk
c:\users\gorsk\source\repos\autobattlerpo\x64\debug\autobattlerpo.pdb
c:\users\gorsk\source\repos\autobattlerpo\autobattlerpo\x64\debug\shopcontroller.obj.enc
c:\users\gorsk\source\repos\autobattlerpo\autobattlerpo\x64\debug\autobattlerpo.tlog\cl.command.1.tlog
c:\users\gorsk\source\repos\autobattlerpo\autobattlerpo\x64\debug\autobattlerpo.tlog\cl.read.1.tlog
c:\users\gorsk\source\repos\autobattlerpo\autobattlerpo\x64\debug\autobattlerpo.tlog\cl.write.1.tlog
c:\users\gorsk\source\repos\autobattlerpo\autobattlerpo\x64\debug\autobattlerpo.tlog\link.command.1.tlog
c:\users\gorsk\source\repos\autobattlerpo\autobattlerpo\x64\debug\autobattlerpo.tlog\link.read.1.tlog
c:\users\gorsk\source\repos\autobattlerpo\autobattlerpo\x64\debug\autobattlerpo.tlog\link.write.1.tlog
